{
  "stats": {
    "suites": 1,
    "tests": 1,
    "passes": 1,
    "pending": 0,
    "failures": 0,
    "start": "2025-06-13T17:44:52.026Z",
    "end": "2025-06-13T17:45:03.299Z",
    "duration": 11273,
    "testsRegistered": 1,
    "passPercent": 100,
    "pendingPercent": 0,
    "other": 0,
    "hasOther": false,
    "skipped": 0,
    "hasSkipped": false
  },
  "results": [
    {
      "uuid": "dd346634-3735-4572-816b-eeeb1961ff71",
      "title": "",
      "fullFile": "cypress/e2e/10-demo/demo.cy.js",
      "file": "cypress/e2e/10-demo/demo.cy.js",
      "beforeHooks": [],
      "afterHooks": [],
      "tests": [],
      "suites": [
        {
          "uuid": "63fe2b27-26b2-40e6-b788-ba8c56c28d83",
          "title": "demoQA Test",
          "fullFile": "",
          "file": "",
          "beforeHooks": [],
          "afterHooks": [],
          "tests": [
            {
              "title": "Web tables - Validate Age ",
              "fullTitle": "demoQA Test Web tables - Validate Age ",
              "timedOut": null,
              "duration": 8705,
              "state": "passed",
              "speed": "medium",
              "pass": true,
              "fail": false,
              "pending": false,
              "context": null,
              "code": "cy.Webtables();\ndemoSelector.tableTitle().should('have.text', demoFixture.webTableTitle);\ndemoSelector.webtable().each(() => {\n  demoSelector.webtable().invoke('text').then($tableElement => {\n    const age = $tableElement;\n    expect(age).include(demoFixture.age29);\n  });\n});",
              "err": {},
              "uuid": "c00a2cf1-0134-4fd3-85b0-0464394add7d",
              "parentUUID": "63fe2b27-26b2-40e6-b788-ba8c56c28d83",
              "isHook": false,
              "skipped": false
            }
          ],
          "suites": [],
          "passes": [
            "c00a2cf1-0134-4fd3-85b0-0464394add7d"
          ],
          "failures": [],
          "pending": [],
          "skipped": [],
          "duration": 8705,
          "root": false,
          "rootEmpty": false,
          "_timeout": 2000
        }
      ],
      "passes": [],
      "failures": [],
      "pending": [],
      "skipped": [],
      "duration": 0,
      "root": true,
      "rootEmpty": true,
      "_timeout": 2000
    }
  ],
  "meta": {
    "mocha": {
      "version": "7.2.0"
    },
    "mochawesome": {
      "options": {
        "quiet": false,
        "reportFilename": "mochawesome",
        "saveHtml": true,
        "saveJson": true,
        "consoleReporter": "spec",
        "useInlineDiffs": false,
        "code": true
      },
      "version": "7.1.3"
    },
    "marge": {
      "options": {
        "charts": true,
        "reportPageTitle": "Test Report",
        "reportDir": "cypress/reports",
        "embeddedScreenshots": true,
        "inlineAssets": true,
        "overwrite": false,
        "html": true,
        "json": true
      },
      "version": "6.2.0"
    }
  }
}